app/proguard-rules.pro
# Add project specific ProGuard rules here.
# By default, the flags in this file are appended to flags specified
# in /Users/zhangdi/Android/android-sdk-mac_x86/tools/proguard/proguard-android.txt
# You can edit the include path and order by changing the proguardFiles
# directive in build.gradle.
#
# For more details, see
#   http://developer.android.com/guide/developing/tools/proguard.html

# Add any project specific keep options here:

# If your project uses WebView with JS, uncomment the following
# and specify the fully qualified class name to the JavaScript interface
# class:
#-keepclassmembers class fqcn.of.javascript.interface.for.webview {
#   public *;
#}

-dontwarn com.fasterxml.jackson.**
-dontwarn com.squareup.picasso.**


#指定代码的压缩级别
-optimizationpasses 5
#包明不混合大小写
-dontusemixedcaseclassnames
#不去忽略非公共的库类
-dontskipnonpubliclibraryclasses
 #优化  不优化输入的类文件
-dontoptimize
 #预校验
-dontpreverify
 #混淆时是否记录日志
-verbose
 # 混淆时所采用的算法
-optimizations !code/simplification/arithmetic,!field/*,!class/merging/*
#保护注解
-keepattributes *Annotation*
# 保持哪些类不被混淆
-keep public class * extends android.app.Fragment
-keep public class * extends android.app.FragmentActivity
-keep public class * extends android.app.Application
-keep public class * extends android.app.Service
-keep public class * extends android.content.BroadcastReceiver
-keep public class * extends android.content.ContentProvider
-keep public class * extends android.app.backup.BackupAgentHelper
-keep public class * extends android.preference.Preference
-keep public class com.android.vending.licensing.ILicensingService
#自己加的
-keep public class com.youjie.android.event.** {*;}
-keep public class com.youjie.android.ScreenListener
-keepclassmembers class ** {
    public void onEvent*(**);
}
-keep class org.codehaus.jackson.** {*;}
-keep class  com.fasterxml.jackson.**{*;}
-dontwarn com.fasterxml.jackson.**
-keep class com.google.**{*;}
-keepclassmembers class * implements java.io.Serializable {
    static final long serialVersionUID;
    private static final java.io.ObjectStreamField[] serialPersistentFields;
    private void writeObject(java.io.ObjectOutputStream);
    private void readObject(java.io.ObjectInputStream);
    java.lang.Object writeReplace();
    java.lang.Object readResolve();
}
-keep class com.youjie.android.api.SystemError
##---------------Begin: proguard configuration for Gson  ----------
# Gson uses generic type information stored in a class file when working with fields. Proguard
# removes such information by default, so configure it to keep all of it.
-keepattributes Signature
# Gson specific classes
-keep class sun.misc.Unsafe { *; }
#-keep class com.google.gson.stream.** { *; }
# Application classes that will be serialized/deserialized over Gson
-keep class cn.sharesdk.**{*;}
-keep class com.sina.**{*;}
-keep class **.R$* {*;}
-keep class **.R{*;}
-dontwarn cn.sharesdk.**
-dontwarn **.R$*
#客服加
-keep class cn.serviceforce.**{*;}
-keep class cn.jpush.android.api.JPushInterface{*; }

#枚举类不能去混淆
-keepclassmembers enum * {
   public static **[] values();
    public static ** valueOf(java.lang.String);
}

-keep public interface cn.serviceforce.cssdk.customer.**
-keep public interface com.tencent.**


-keepclassmembers class ** {
    public void onEvent*(**);
}

#如果有引用v4包可以添加下面这行
#-keep public class * extends android.support.v4.app.Fragment
#忽略警告
-ignorewarning
#####################记录生成的日志数据,gradle build时在本项目根目录输出################
#apk 包内所有 class 的内部结构
-dump class_files.txt
#未混淆的类和成员
-printseeds seeds.txt
#列出从 apk 中删除的代码
-printusage unused.txt
#混淆前后的映射
-printmapping mapping.txt

#友盟
-keep class com.umeng.**{*;}

#如果引用了v4或者v7包
-dontwarn android.support.**
############<span></span>混淆保护自己项目的部分代码以及引用的第三方jar包library-end##################
-keep public class * extends android.view.View {
    public <init>(android.content.Context);
    public <init>(android.content.Context, android.util.AttributeSet);
    public <init>(android.content.Context, android.util.AttributeSet, int);
    public void set*(...);
}
#保持 native 方法不被混淆
-keepclasseswithmembernames class * {
    native <methods>;
}
#保持自定义控件类不被混淆
-keepclasseswithmembers class * {
    public <init>(android.content.Context, android.util.AttributeSet);
}
#保持自定义控件类不被混淆
-keepclasseswithmembers class * {
    public <init>(android.content.Context, android.util.AttributeSet, int);
}
#保持自定义控件类不被混淆
#-keepclassmembers class * extends android.app.Activity {
#   public void *(android.view.View);
#}
#保持 Parcelable 不被混淆
-keep class * implements android.os.Parcelable {
  public static final android.os.Parcelable$Creator *;
}
#保持 Serializable 不被混淆
-keepnames class * implements java.io.Serializable
#保持 Serializable 不被混淆并且enum 类也不被混淆
-keepclassmembers class * implements java.io.Serializable {
    static final long serialVersionUID;
    private static final java.io.ObjectStreamField[] serialPersistentFields;
    !static !transient <fields>;
    !private <methods>;
    private void writeObject(java.io.ObjectOutputStream);
    private void readObject(java.io.ObjectInputStream);
    java.lang.Object writeReplace();
    java.lang.Object readResolve();
}
#保持枚举 enum 类不被混淆 如果混淆报错，建议直接使用上面的 -keepclassmembers class * implements java.io.Serializable即可
#-keepclassmembers enum * {
#  public static **[] values();
#  public static ** valueOf(java.lang.String);
#}
-keepclassmembers class * {
    public void *ButtonClicked(android.view.View);
}
#不混淆资源类
-keepclassmembers class **.R$* {
    public static <fields>;
}
#-libraryjars libs/alipaySDK-20150602.jar
#
#-keep class com.alipay.android.app.IAlixPay{*;}
#-keep class com.alipay.android.app.IAlixPay$Stub{*;}
#-keep class com.alipay.android.app.IRemoteServiceCallback{*;}
#-keep class com.alipay.android.app.IRemoteServiceCallback$Stub{*;}
#-keep class com.alipay.sdk.app.PayTask{ public *;}
#-keep class com.alipay.sdk.app.AuthTask{ public *;}


-dontwarn com.yalantis.ucrop**
-keep class com.yalantis.ucrop** { *; }
-keep interface com.yalantis.ucrop** { *; }

-keep public class * extends android.app.Service
-keep public class * extends android.content.BroadcastReceiver
-keep class com.tencent.android.tpush.** {* ;}
-keep class com.tencent.mid.** {* ;}
-keep public class * extends com.qq.taf.jce.JceStruct{*;}

#umeng社会化分享
-dontshrink
-dontoptimize
-dontwarn com.google.android.maps.**
-dontwarn android.webkit.WebView
-dontwarn com.umeng.**
-dontwarn com.tencent.weibo.sdk.**
-dontwarn com.facebook.**
-keep public class javax.**
-keep public class android.webkit.**
-dontwarn android.support.v4.**
-keep enum com.facebook.**
-keepattributes Exceptions,InnerClasses,Signature
-keepattributes *Annotation*
-keepattributes SourceFile,LineNumberTable

-keep public interface com.facebook.**
-keep public interface com.tencent.**
-keep public interface com.umeng.socialize.**
-keep public interface com.umeng.socialize.sensor.**
-keep public interface com.umeng.scrshot.**

-keep public class com.umeng.socialize.* {*;}


-keep class com.facebook.**
-keep class com.facebook.** { *; }
-keep class com.umeng.scrshot.**
-keep public class com.tencent.** {*;}
-keep class com.umeng.socialize.sensor.**
-keep class com.umeng.socialize.handler.**
-keep class com.umeng.socialize.handler.*
-keep class com.umeng.weixin.handler.**
-keep class com.umeng.weixin.handler.*
-keep class com.umeng.qq.handler.**
-keep class com.umeng.qq.handler.*
-keep class UMMoreHandler{*;}
-keep class com.tencent.mm.sdk.modelmsg.WXMediaMessage {*;}
-keep class com.tencent.mm.sdk.modelmsg.** implements com.tencent.mm.sdk.modelmsg.WXMediaMessage$IMediaObject {*;}
-keep class im.yixin.sdk.api.YXMessage {*;}
-keep class im.yixin.sdk.api.** implements im.yixin.sdk.api.YXMessage$YXMessageData{*;}
-keep class com.tencent.mm.sdk.** {
   *;
}
-keep class com.tencent.mm.opensdk.** {
   *;
}
-keep class com.tencent.wxop.** {
   *;
}
-keep class com.tencent.mm.sdk.** {
   *;
}
-dontwarn twitter4j.**
-keep class twitter4j.** { *; }

-keep class com.tencent.** {*;}
-dontwarn com.tencent.**
-keep class com.kakao.** {*;}
-dontwarn com.kakao.**
-keep public class com.umeng.com.umeng.soexample.R$*{
    public static final int *;
}
-keep public class com.linkedin.android.mobilesdk.R$*{
    public static final int *;
}
-keepclassmembers enum * {
    public static **[] values();
    public static ** valueOf(java.lang.String);
}

-keep class com.tencent.open.TDialog$*
-keep class com.tencent.open.TDialog$* {*;}
-keep class com.tencent.open.PKDialog
-keep class com.tencent.open.PKDialog {*;}
-keep class com.tencent.open.PKDialog$*
-keep class com.tencent.open.PKDialog$* {*;}
-keep class com.umeng.socialize.impl.ImageImpl {*;}
-keep class com.sina.** {*;}
-dontwarn com.sina.**
-keep class  com.alipay.share.sdk.** {
   *;
}

-keepnames class * implements android.os.Parcelable {
    public static final ** CREATOR;
}

-keep class com.linkedin.** { *; }
-keep class com.android.dingtalk.share.ddsharemodule.** { *; }
-keepattributes Signature
#极光推送
-dontoptimize
-dontpreverify

-dontwarn cn.jpush.**
-keep class cn.jpush.** { *; }
-keep class * extends cn.jpush.android.helpers.JPushMessageReceiver { *; }

-dontwarn cn.jiguang.**
-keep class cn.jiguang.** { *; }
# 客服机器人
-keep class cn.serviceforce.**{*;}
-keep class cn.jpush.android.api.JPushInterface{*; }
#umeng统计
-keepclassmembers class * {
   public <init> (org.json.JSONObject);
}
-keepclassmembers enum * {
    public static **[] values();
    public static ** valueOf(java.lang.String);
}
-keep public class com.sinocall.youjie.R$*{
public static final int *;
}
#阿里支付
-keep class com.alipay.android.app.IAlixPay{*;}
-keep class com.alipay.android.app.IAlixPay$Stub{*;}
-keep class com.alipay.android.app.IRemoteServiceCallback{*;}
-keep class com.alipay.android.app.IRemoteServiceCallback$Stub{*;}
-keep class com.alipay.sdk.app.PayTask{ public *;}
-keep class com.alipay.sdk.app.AuthTask{ public *;}
-keep class com.alipay.sdk.app.H5PayCallback {
    <fields>;
    <methods>;
}
-keep class com.alipay.android.phone.mrpc.core.** { *; }
-keep class com.alipay.apmobilesecuritysdk.** { *; }
-keep class com.alipay.mobile.framework.service.annotation.** { *; }
-keep class com.alipay.mobilesecuritysdk.face.** { *; }
-keep class com.alipay.tscenter.biz.rpc.** { *; }
-keep class org.json.alipay.** { *; }
-keep class com.alipay.tscenter.** { *; }
-keep class com.ta.utdid2.** { *;}
-keep class com.ut.device.** { *;}

#okhttp
-dontwarn okhttp3.**
-keep class okhttp3.**{*;}

#okio
-dontwarn okio.**
-keep class okio.**{*;}

#AndFix
-keep class * extends java.lang.annotation.Annotation
-keepclasseswithmembernames class * {
    native <methods>;
}
-keep public class * implements com.bumptech.glide.module.GlideModule
-keep public class * extends com.bumptech.glide.module.AppGlideModule
-keep public enum com.bumptech.glide.load.resource.bitmap.ImageHeaderParser$** {
  **[] $VALUES;
  public *;
}