app/mapping.txt
com.youjie.android.LoadingDialog -> com.youjie.android.a:
    android.widget.TextView mTipsTv -> a
    android.widget.ProgressBar mProgressBar -> b
    void setTips(java.lang.String) -> a
    void show() -> show
    void dismiss() -> dismiss
com.youjie.android.MyPushReceiver -> com.youjie.android.MyPushReceiver:
    android.app.NotificationManager NotificationManager -> a
    void onReceive(android.content.Context,android.content.Intent) -> onReceive
com.youjie.android.R -> com.youjie.android.R:
com.youjie.android.R$anim -> com.youjie.android.R$anim:
    int serviceforce_chat_voice_play -> serviceforce_chat_voice_play
    int serviceforce_update_loading_progressbar_anim -> serviceforce_update_loading_progressbar_anim
    int shake -> shake
    int umeng_fb_audio_play_anim -> umeng_fb_audio_play_anim
    int umeng_fb_dialog_enter_anim -> umeng_fb_dialog_enter_anim
    int umeng_fb_dialog_exit_anim -> umeng_fb_dialog_exit_anim
    int update_loading_progressbar_anim -> update_loading_progressbar_anim
com.youjie.android.R$array -> com.youjie.android.R$array:
    int umeng_fb_contact_key_array -> umeng_fb_contact_key_array
    int umeng_fb_contact_type_array -> umeng_fb_contact_type_array
    int umeng_fb_tabs_title -> umeng_fb_tabs_title
com.youjie.android.R$attr -> com.youjie.android.R$attr:
    int centered -> centered
    int clipPadding -> clipPadding
    int fadeDelay -> fadeDelay
    int fadeLength -> fadeLength
    int fades -> fades
    int fillColor -> fillColor
    int footerColor -> footerColor
    int footerIndicatorHeight -> footerIndicatorHeight
    int footerIndicatorStyle -> footerIndicatorStyle
    int footerIndicatorUnderlinePadding -> footerIndicatorUnderlinePadding
    int footerLineHeight -> footerLineHeight
    int footerPadding -> footerPadding
    int gapWidth -> gapWidth
    int linePosition -> linePosition
    int lineWidth -> lineWidth
    int pageColor -> pageColor
    int radius -> radius
    int selectedBold -> selectedBold
    int selectedColor -> selectedColor
    int snap -> snap
    int strokeColor -> strokeColor
    int strokeWidth -> strokeWidth
    int titlePadding -> titlePadding
    int topPadding -> topPadding
    int unselectedColor -> unselectedColor
    int vpiCirclePageIndicatorStyle -> vpiCirclePageIndicatorStyle
    int vpiIconPageIndicatorStyle -> vpiIconPageIndicatorStyle
    int vpiLinePageIndicatorStyle -> vpiLinePageIndicatorStyle
    int vpiTabPageIndicatorStyle -> vpiTabPageIndicatorStyle
    int vpiTitlePageIndicatorStyle -> vpiTitlePageIndicatorStyle
    int vpiUnderlinePageIndicatorStyle -> vpiUnderlinePageIndicatorStyle
com.youjie.android.R$bool -> com.youjie.android.R$bool:
    int serviceforce_default_circle_indicator_centered -> serviceforce_default_circle_indicator_centered
    int serviceforce_default_circle_indicator_snap -> serviceforce_default_circle_indicator_snap
    int serviceforce_default_line_indicator_centered -> serviceforce_default_line_indicator_centered
    int serviceforce_default_title_indicator_selected_bold -> serviceforce_default_title_indicator_selected_bold
    int serviceforce_default_underline_indicator_fades -> serviceforce_default_underline_indicator_fades
...
com.fasterxml.jackson.databind.jsonFormatVisitors.JsonValueFormat$4 -> com.fasterxml.jackson.databind.jsonFormatVisitors.JsonValueFormat$4:
    java.lang.String toString() -> toString
com.fasterxml.jackson.databind.jsonFormatVisitors.JsonValueFormat$5 -> com.fasterxml.jackson.databind.jsonFormatVisitors.JsonValueFormat$5:
    java.lang.String toString() -> toString
com.fasterxml.jackson.databind.jsonFormatVisitors.JsonValueFormat$6 -> com.fasterxml.jackson.databind.jsonFormatVisitors.JsonValueFormat$6:
    java.lang.String toString() -> toString
com.fasterxml.jackson.databind.jsonFormatVisitors.JsonValueFormat$7 -> com.fasterxml.jackson.databind.jsonFormatVisitors.JsonValueFormat$7:
    java.lang.String toString() -> toString
com.fasterxml.jackson.databind.jsonFormatVisitors.JsonValueFormat$8 -> com.fasterxml.jackson.databind.jsonFormatVisitors.JsonValueFormat$8:
    java.lang.String toString() -> toString
com.fasterxml.jackson.databind.jsonFormatVisitors.JsonValueFormat$9 -> com.fasterxml.jackson.databind.jsonFormatVisitors.JsonValueFormat$9:
    java.lang.String toString() -> toString
com.fasterxml.jackson.databind.jsonFormatVisitors.JsonValueFormatVisitor -> com.fasterxml.jackson.databind.jsonFormatVisitors.JsonValueFormatVisitor:
    void format(com.fasterxml.jackson.databind.jsonFormatVisitors.JsonValueFormat) -> format
    void enumTypes(java.util.Set) -> enumTypes
com.fasterxml.jackson.databind.jsonFormatVisitors.JsonValueFormatVisitor$Base -> com.fasterxml.jackson.databind.jsonFormatVisitors.JsonValueFormatVisitor$Base:
    void format(com.fasterxml.jackson.databind.jsonFormatVisitors.JsonValueFormat) -> format
    void enumTypes(java.util.Set) -> enumTypes
com.fasterxml.jackson.databind.jsonschema.JsonSchema -> com.fasterxml.jackson.databind.jsonschema.JsonSchema:
    com.fasterxml.jackson.databind.node.ObjectNode schema -> schema
    com.fasterxml.jackson.databind.node.ObjectNode getSchemaNode() -> getSchemaNode
    java.lang.String toString() -> toString
    int hashCode() -> hashCode
    boolean equals(java.lang.Object) -> equals
    com.fasterxml.jackson.databind.JsonNode getDefaultSchemaNode() -> getDefaultSchemaNode
com.fasterxml.jackson.databind.jsonschema.JsonSerializableSchema -> com.fasterxml.jackson.databind.jsonschema.JsonSerializableSchema:
    java.lang.String NO_VALUE -> NO_VALUE
    java.lang.String id() -> id
    java.lang.String schemaType() -> schemaType
    java.lang.String schemaObjectPropertiesDefinition() -> schemaObjectPropertiesDefinition
    java.lang.String schemaItemDefinition() -> schemaItemDefinition
com.fasterxml.jackson.databind.jsonschema.SchemaAware -> com.fasterxml.jackson.databind.jsonschema.SchemaAware:
    com.fasterxml.jackson.databind.JsonNode getSchema(com.fasterxml.jackson.databind.SerializerProvider,java.lang.reflect.Type) -> getSchema
    com.fasterxml.jackson.databind.JsonNode getSchema(com.fasterxml.jackson.databind.SerializerProvider,java.lang.reflect.Type,boolean) -> getSchema
com.fasterxml.jackson.databind.jsontype.NamedType -> com.fasterxml.jackson.databind.jsontype.NamedType:
    long serialVersionUID -> serialVersionUID
    java.lang.Class _class -> _class
    int _hashCode -> _hashCode
    java.lang.String _name -> _name
    java.lang.Class getType() -> getType
    java.lang.String getName() -> getName
    void setName(java.lang.String) -> setName
    boolean hasName() -> hasName
    boolean equals(java.lang.Object) -> equals
    int hashCode() -> hashCode
    java.lang.String toString() -> toString