app/unused.txt
com.youjie.android.BuildConfig
com.youjie.android.LoadingDialog:
    38:40:public void setTips(int)
com.youjie.android.Manifest
com.youjie.android.Manifest$permission
com.youjie.android.YouJieApplication:
    45:49:public void exit()
com.youjie.android.YouJieConfig:
    7:7:public YouJieConfig()
com.youjie.android.activity.AuthSep2Activity:
    private static final int REQ_TAKE_PHOTO_FRONT
    private static final int REQ_TAKE_PHOTO_REVERSE
    private static final int REQ_TAKE_PHOTO_PEOPLE
com.youjie.android.activity.AuthSep3Activity:
    public static final int RESULT_CODE
com.youjie.android.activity.AuthStatusActivity:
    public static final int AUTH_REQUEST
com.youjie.android.activity.AuthenticationActivity:
    99:99:public java.lang.String takePhoto(android.app.Activity,int)
com.youjie.android.activity.GestureSetActivity:
    public static final java.lang.String PARAM_PHONE_NUMBER
    public static final java.lang.String PARAM_INTENT_CODE
    public static final java.lang.String PARAM_IS_FIRST_ADVICE
    private java.lang.String mParamPhoneNumber
    private int mParamIntentCode
    private boolean isModify
com.youjie.android.activity.GestureVerifyActivity:
    public static final java.lang.String PARAM_PHONE_NUMBER
    public static final java.lang.String PARAM_INTENT_CODE
    private java.lang.String mParamPhoneNumber
    128:135:private java.lang.String getProtectedMobile(java.lang.String)
com.youjie.android.activity.HelpActivity:
    private static final java.lang.String URL_ABOUT_BORROW
    private static final java.lang.String URL_ABOUT_LENDER
    private static final java.lang.String URL_ABOUT_AUTH
com.youjie.android.activity.IOUActivity:
    private static final java.lang.String EXTRA_CREATE_BY
    public static final int IOU_CREATE_REQUEST
    private static final java.lang.String EXTRA_IOU_ID
com.youjie.android.activity.IOUItemListActivity:
    public static final java.lang.String IDENTITY
com.youjie.android.activity.LoginActivity:
    private static final int WHAT_CODE_COUNT_DOWN
    private static final java.lang.String URL_AGREEMENT
com.youjie.android.activity.MainActivity:
    private static final int time2Finish
    public static final java.lang.String FIRST_USING
com.youjie.android.activity.SignatureActivity:
    public static final int SEND
    public static final int ACCEPT_BY_LENDER
    public static final int ACCEPT_BY_BORROWER
    public static final int CONFIRM_BY_LENDER
    public static final int SEND_ONLY
    public static final int RESULT_CODE
com.youjie.android.activity.SysSettingActivity:
    private android.app.AlertDialog alertDialogLogout
    204:204:private boolean VerifyNum()
com.youjie.android.adapter.AdapterViewPager:
    14:28:public AdapterViewPager(android.support.v4.app.FragmentManager,java.util.ArrayList)
com.youjie.android.adapter.HistoryListAdapter:
    29:29:public com.youjie.android.api.iou.HistoryListResponse getHistoryListResponse()
com.youjie.android.adapter.MessageListAdapter:
    40:41:public void setMessageListResPonse(com.youjie.android.api.message.MessageListResPonse)
com.youjie.android.adapter.RecordListAdapter:
    30:30:public int getIdentity()
    42:43:public void setIouItemListResponse(com.youjie.android.api.iou.IOUItemListResponse)
com.youjie.android.api.ApiErrorMessage:
    7:7:public ApiErrorMessage()
com.youjie.android.api.UploadFileClient:
    private static final java.lang.String TAG
    11:11:public UploadFileClient()
com.youjie.android.api.YouJieRespHandler:
    private static final java.lang.String TAG
com.youjie.android.api.YouJieRestClient:
    private static final java.lang.String TAG
    private static final java.lang.String BASE_URL
    private static final java.lang.String SECRET_KEY
    24:24:public YouJieRestClient()
    38:47:public static void get(java.lang.String,android.os.Bundle,com.loopj.android.http.AsyncHttpResponseHandler)
com.youjie.android.fragment.AuthInterface:
    public abstract java.lang.String takePhoto(android.app.Activity,int)
...
android.support.v4.net.ConnectivityManagerCompatGingerbread
android.support.v4.net.ConnectivityManagerCompatHoneycombMR2
android.support.v4.net.ConnectivityManagerCompatJellyBean
android.support.v4.net.TrafficStatsCompat
android.support.v4.net.TrafficStatsCompat$1
android.support.v4.net.TrafficStatsCompat$BaseTrafficStatsCompatImpl
android.support.v4.net.TrafficStatsCompat$BaseTrafficStatsCompatImpl$1
android.support.v4.net.TrafficStatsCompat$BaseTrafficStatsCompatImpl$SocketTags
android.support.v4.net.TrafficStatsCompat$IcsTrafficStatsCompatImpl
android.support.v4.net.TrafficStatsCompat$TrafficStatsCompatImpl
android.support.v4.net.TrafficStatsCompatIcs
android.support.v4.os.AsyncTaskCompat
android.support.v4.os.AsyncTaskCompatHoneycomb
android.support.v4.os.EnvironmentCompat
android.support.v4.os.EnvironmentCompatKitKat
android.support.v4.os.ParcelableCompat:
    26:42:public ParcelableCompat()
android.support.v4.os.ParcelableCompatCreatorHoneycombMR2Stub:
    22:22:ParcelableCompatCreatorHoneycombMR2Stub()
android.support.v4.print.PrintHelper
android.support.v4.print.PrintHelper$1
android.support.v4.print.PrintHelper$OnPrintFinishCallback
android.support.v4.print.PrintHelper$PrintHelperKitkatImpl
android.support.v4.print.PrintHelper$PrintHelperKitkatImpl$1
android.support.v4.print.PrintHelper$PrintHelperKitkatImpl$2
android.support.v4.print.PrintHelper$PrintHelperStubImpl
android.support.v4.print.PrintHelper$PrintHelperVersionImpl
android.support.v4.print.PrintHelperKitkat
android.support.v4.print.PrintHelperKitkat$1
android.support.v4.print.PrintHelperKitkat$2
android.support.v4.print.PrintHelperKitkat$2$1
android.support.v4.print.PrintHelperKitkat$2$1$1
android.support.v4.print.PrintHelperKitkat$OnPrintFinishCallback
android.support.v4.provider.DocumentFile
android.support.v4.provider.DocumentsContractApi19
android.support.v4.provider.DocumentsContractApi21
android.support.v4.provider.RawDocumentFile
android.support.v4.provider.SingleDocumentFile
android.support.v4.provider.TreeDocumentFile
android.support.v4.speech.tts.TextToSpeechICS
android.support.v4.speech.tts.TextToSpeechICSMR1
android.support.v4.speech.tts.TextToSpeechICSMR1$1
android.support.v4.speech.tts.TextToSpeechICSMR1$2
android.support.v4.speech.tts.TextToSpeechICSMR1$UtteranceProgressListenerICSMR1
android.support.v4.text.BidiFormatter
android.support.v4.text.BidiFormatter$1
android.support.v4.text.BidiFormatter$Builder
android.support.v4.text.BidiFormatter$DirectionalityEstimator
android.support.v4.text.ICUCompat
android.support.v4.text.ICUCompat$ICUCompatImpl
android.support.v4.text.ICUCompat$ICUCompatImplBase
android.support.v4.text.ICUCompat$ICUCompatImplIcs
android.support.v4.text.ICUCompatIcs
android.support.v4.text.TextDirectionHeuristicCompat
android.support.v4.text.TextDirectionHeuristicsCompat
android.support.v4.text.TextDirectionHeuristicsCompat$1
android.support.v4.text.TextDirectionHeuristicsCompat$AnyStrong
android.support.v4.text.TextDirectionHeuristicsCompat$FirstStrong
android.support.v4.text.TextDirectionHeuristicsCompat$TextDirectionAlgorithm
android.support.v4.text.TextDirectionHeuristicsCompat$TextDirectionHeuristicImpl
android.support.v4.text.TextDirectionHeuristicsCompat$TextDirectionHeuristicInternal
android.support.v4.text.TextDirectionHeuristicsCompat$TextDirectionHeuristicLocale
android.support.v4.text.TextUtilsCompat
android.support.v4.util.ArrayMap:
    61:62:public ArrayMap(int)
    68:69:public ArrayMap(android.support.v4.util.SimpleArrayMap)
    130:130:public boolean containsAll(java.util.Collection)
    151:151:public boolean removeAll(java.util.Collection)
android.support.v4.util.AtomicFile
android.support.v4.util.CircularArray
android.support.v4.util.ContainerHelpers:
    19:19:ContainerHelpers()
    29:29:public static int idealLongArraySize(int)
    65:80:static int binarySearch(long[],int,long)
android.support.v4.util.DebugUtils:
    25:25:public DebugUtils()
android.support.v4.util.LongSparseArray